DEBUG:root:accidentals1: []
DEBUG:root:accidentals2: ['flat', 'sharp']
DEBUG:root:accidentals1: []
DEBUG:root:accidentals2: []
DEBUG:root:accidentals1: []
DEBUG:root:accidentals2: []
DEBUG:root:most recent key was: 0
DEBUG:root:most recent key was: 0
DEBUG:root:accidentals1: []
DEBUG:root:accidentals2: ['sharp', 'flat']
DEBUG:root:most recent key was: 0
DEBUG:root:most recent key was: 0
DEBUG:root:accidentals1: []
DEBUG:root:accidentals2: ['flat', 'sharp']
DEBUG:root:accidentals1: []
DEBUG:root:accidentals2: ['sharp']
DEBUG:root:accidentals1: []
DEBUG:root:accidentals2: []
DEBUG:root:accidentals1: []
DEBUG:root:accidentals2: ['sharp', 'sharp']
DEBUG:root:accidentals1: ['flat', 'sharp']
DEBUG:root:accidentals2: ['sharp', 'sharp']
DEBUG:root:accidentals1: []
DEBUG:root:accidentals2: ['sharp', 'natural']
DEBUG:root:accidentals1: ['sharp', 'natural']
DEBUG:root:accidentals2: []
DEBUG:root:accidentals1: []
DEBUG:root:accidentals2: ['natural']
DEBUG:root:accidentals1: []
DEBUG:root:accidentals2: []
DEBUG:root:accidentals1: []
DEBUG:root:accidentals2: ['double-sharp']
DEBUG:root:accidentals1: []
DEBUG:root:accidentals2: ['natural', 'sharp']
DEBUG:root:articulations1: []
DEBUG:root:articulations2: [<music21.articulations.Staccato>, <music21.articulations.Staccato>]
DEBUG:root:articulations1: []
DEBUG:root:articulations2: []
DEBUG:root:articulations1: []
DEBUG:root:articulations2: []
DEBUG:root:articulations1: []
DEBUG:root:articulations2: []
DEBUG:root:articulations1: []
DEBUG:root:articulations2: []
DEBUG:root:articulations1: []
DEBUG:root:articulations2: []
DEBUG:root:clef1.sign: G
DEBUG:root:clef2.sign: C
DEBUG:root:clef1.sign: G
DEBUG:root:clef2.sign: G
DEBUG:root:clef1.sign: G
DEBUG:root:clef2.sign: G
DEBUG:root:most recent clef found: 0
DEBUG:root:clef1.sign: G
DEBUG:root:clef2.sign: C
DEBUG:root:most recent clef found: 0
DEBUG:root:clef1.sign: G
DEBUG:root:clef2.sign: C
DEBUG:root:clef1.sign: G
DEBUG:root:clef2.sign: G
DEBUG:root:clef1.sign: G
DEBUG:root:clef2.sign: G
DEBUG:root:key signature 1.sharps: 3
DEBUG:root:key signature 2.sharpts: 5
DEBUG:root:key signature 1.sharps: 3
DEBUG:root:key signature 2.sharpts: 3
DEBUG:root:key signature 1.sharps: 3
DEBUG:root:key signature 2.sharpts: 3
DEBUG:root:most recent key was: 0
DEBUG:root:key signature 1.sharps: 3
DEBUG:root:key signature 2.sharpts: 1
DEBUG:root:most recent key was: 0
DEBUG:root:key signature 1.sharps: 3
DEBUG:root:key signature 2.sharpts: 6
DEBUG:root:key signature 1.sharps: 3
DEBUG:root:key signature 2.sharpts: 4
DEBUG:root:key signature 1.sharps: 4
DEBUG:root:key signature 2.sharpts: 4
DEBUG:root:key signature 1.sharps: 3
DEBUG:root:key signature 2.sharpts: 4
DEBUG:root:most recent key was: 1
DEBUG:root:most recent key was: 1
DEBUG:root:key signature 1.sharps: 4
DEBUG:root:key signature 2.sharpts: 3
DEBUG:root:most recent key was: 1
DEBUG:root:most recent key was: 1
DEBUG:root:key signature 1.sharps: 4
DEBUG:root:key signature 2.sharpts: 3
DEBUG:root:ornaments1: []
DEBUG:root:ornaments2: ['Trill', 'Trill']
DEBUG:root:ornaments1: []
DEBUG:root:ornaments2: ['Turn', 'Turn']
DEBUG:root:ornaments1: []
DEBUG:root:ornaments2: ['Mordent', 'GeneralMordent', 'Mordent', 'GeneralMordent']
DEBUG:root:ornaments1: []
DEBUG:root:ornaments2: []
DEBUG:root:ornaments1: []
DEBUG:root:ornaments2: []
DEBUG:root:ornaments1: []
DEBUG:root:ornaments2: []
DEBUG:root:ornaments1: []
DEBUG:root:ornaments2: []
DEBUG:root:pitches1: [C#5, B4]
DEBUG:root:pitches2: [D#3, F2]
DEBUG:root:pitches1: [A4, B4, C#5, E5]
DEBUG:root:pitches2: [B4, A4, G#5, F5]
DEBUG:root:pitches1: [C#5, B4, A4, C#5]
DEBUG:root:pitches2: [B#5, D4, F4, G#5]
DEBUG:root:pitches1: [C#5, B4]
DEBUG:root:pitches2: [C#5, B4]
DEBUG:root:pitches1: [C#5, B4]
DEBUG:root:pitches2: [C#5, B4]
DEBUG:root:pitches1: [A4, B4, G#4, F#4, A4]
DEBUG:root:pitches2: [G4, F4, D#4, B#4, C4]
DEBUG:root:pitches1: [C#5, B4]
DEBUG:root:pitches2: [E3, C#4, E3, D#4, E3, C#4, E4, C#4, F#4, C#4, E4, G#4, C#4, E4, C#5]
DEBUG:root:pitches1: [C#5, B4]
DEBUG:root:pitches2: [C#4, E4, G#4, B3, A4, A5, E5, G#4, G#5, B3, D#4, G#4, A3, G#4, G#5, D#5, F#4, F#5]
DEBUG:root:pitches1: [E3, C#4, E3, D#4, E3, C#4, E4, C#4, F#4, C#4, E4, G#4, C#4, E4, C#5]
DEBUG:root:pitches2: [C#4, E4, G#4, B3, A4, A5, E5, G#4, G#5, B3, D#4, G#4, A3, G#4, G#5, D#5, F#4, F#5]
DEBUG:root:spanners1: []
DEBUG:root:spanners2: [<music21.spanner.Slur <music21.note.Note C#><music21.note.Note B>>, <music21.spanner.Slur <music21.note.Note C#><music21.note.Note B>>]
DEBUG:root:spanners1: []
DEBUG:root:spanners2: [<music21.expressions.TrillExtension <music21.note.Note C#><music21.note.Note B>>, <music21.expressions.TrillExtension <music21.note.Note C#><music21.note.Note B>>]
DEBUG:root:spanners1: []
DEBUG:root:spanners2: []
DEBUG:root:spanners1: []
DEBUG:root:spanners2: []
DEBUG:root:spanners1: []
DEBUG:root:spanners2: []
DEBUG:root:spanners1: []
DEBUG:root:spanners2: []
DEBUG:root:spanners1: []
DEBUG:root:spanners2: []
DEBUG:root:stems1: [u'down', u'down']
DEBUG:root:stems2: [u'up', u'up']
DEBUG:root:stems1: [u'up', u'down', u'down', u'down']
DEBUG:root:stems2: [u'down', u'up', u'up', u'up']
DEBUG:root:stems1: [u'down', u'down', u'up', u'up']
DEBUG:root:stems2: [u'up', u'up', u'down', u'down']
DEBUG:root:stems1: [u'down', u'down']
DEBUG:root:stems2: [u'down', u'down']
DEBUG:root:stems1: [u'down', u'down']
DEBUG:root:stems2: [u'down', u'down']
DEBUG:root:stems1: [u'down', u'down']
DEBUG:root:stems2: [u'down', u'down']
DEBUG:root:stems1: [u'down', u'down']
DEBUG:root:stems2: [u'up', u'up', u'down', u'up', u'up', u'down', u'up', u'up']
DEBUG:root:time signature1: 4/4
DEBUG:root:time signature2: 3/4
DEBUG:root:time signature1: 4/4
DEBUG:root:time signature2: 4/4
DEBUG:root:time signature1: 4/4
DEBUG:root:time signature2: 4/4
DEBUG:root:most recent time found: 0
DEBUG:root:time signature1: 4/4
DEBUG:root:time signature2: 2/4
DEBUG:root:most recent time found: 0
DEBUG:root:time signature1: 4/4
DEBUG:root:time signature2: 6/8
DEBUG:root:time signature1: 4/4
DEBUG:root:time signature2: 3/4
DEBUG:root:time signature1: 3/4
DEBUG:root:time signature2: 4/4
DEBUG:root:time signature1: 4/4
DEBUG:root:time signature2: 4/4
DEBUG:root:most recent time found: 1
DEBUG:root:most recent time found: 1
DEBUG:root:time signature1: 3/4
DEBUG:root:time signature2: 2/4
DEBUG:root:most recent time found: 1
DEBUG:root:most recent time found: 1
DEBUG:root:time signature1: 4/4
DEBUG:root:time signature2: 2/4
